{
  "RSpec": {
    "coverage": {
      "/home/aliraytekin/code/alkif45/sportsmate/app/models/user.rb": {
        "lines": [
          1,
          null,
          null,
          1,
          null,
          null,
          null,
          1,
          1,
          1,
          1,
          1,
          null,
          1,
          1,
          null,
          1,
          1,
          null,
          1,
          1,
          null,
          1,
          null,
          1,
          1,
          null,
          1,
          null,
          1,
          0,
          0,
          0,
          null,
          null,
          null
        ],
        "branches": {}
      },
      "/home/aliraytekin/code/alkif45/sportsmate/app/models/application_record.rb": {
        "lines": [
          1,
          1,
          null
        ],
        "branches": {}
      },
      "/home/aliraytekin/code/alkif45/sportsmate/app/helpers/application_helper.rb": {
        "lines": [
          1,
          null
        ],
        "branches": {}
      },
      "/home/aliraytekin/code/alkif45/sportsmate/app/models/comment.rb": {
        "lines": [
          1,
          1,
          1,
          null,
          1,
          null,
          1,
          3,
          null,
          null,
          null,
          null,
          null,
          null,
          null
        ],
        "branches": {}
      },
      "/home/aliraytekin/code/alkif45/sportsmate/app/models/event.rb": {
        "lines": [
          1,
          1,
          null,
          1,
          1,
          null,
          1,
          1,
          1,
          1,
          1,
          1,
          null,
          1,
          1,
          1,
          null,
          1,
          1,
          1,
          1,
          1,
          1,
          1,
          1,
          null,
          1,
          1,
          1,
          1,
          null,
          1,
          1,
          null,
          null,
          null,
          null,
          null,
          null,
          null,
          null,
          null,
          1,
          null,
          1,
          45,
          2,
          null,
          null,
          null,
          null,
          null,
          null,
          null,
          null,
          1,
          null,
          1,
          89,
          null,
          null,
          1,
          89,
          null,
          85,
          1,
          null,
          null,
          null,
          1,
          172,
          null,
          null,
          1,
          89,
          null,
          null,
          1,
          89,
          0,
          89,
          1,
          null,
          null,
          null,
          1,
          89,
          null,
          null
        ],
        "branches": {
          "[:if, 0, 59, 4, 59, 49]": {
            "[:then, 1, 59, 4, 59, 31]": 83,
            "[:else, 2, 59, 4, 59, 49]": 6
          },
          "[:if, 3, 63, 4, 63, 50]": {
            "[:then, 4, 63, 4, 63, 10]": 4,
            "[:else, 5, 63, 4, 63, 50]": 85
          },
          "[:if, 6, 65, 4, 67, 7]": {
            "[:then, 7, 66, 6, 66, 59]": 1,
            "[:else, 8, 65, 4, 67, 7]": 84
          },
          "[:if, 9, 79, 4, 83, 7]": {
            "[:then, 10, 80, 6, 80, 73]": 0,
            "[:else, 11, 81, 4, 82, 75]": 89
          },
          "[:if, 12, 81, 4, 82, 75]": {
            "[:then, 13, 82, 6, 82, 75]": 1,
            "[:else, 14, 81, 4, 82, 75]": 88
          },
          "[:if, 15, 87, 4, 87, 42]": {
            "[:then, 16, 87, 4, 87, 34]": 85,
            "[:else, 17, 87, 4, 87, 42]": 4
          }
        }
      },
      "/home/aliraytekin/code/alkif45/sportsmate/app/models/follow.rb": {
        "lines": [
          1,
          1,
          1,
          null,
          1,
          1,
          null,
          1,
          null,
          1,
          7,
          null,
          null,
          null,
          null,
          null,
          null,
          1,
          null,
          1,
          12,
          null,
          null
        ],
        "branches": {
          "[:if, 0, 21, 4, 21, 81]": {
            "[:then, 1, 21, 4, 21, 51]": 4,
            "[:else, 2, 21, 4, 21, 81]": 8
          }
        }
      },
      "/home/aliraytekin/code/alkif45/sportsmate/app/models/message.rb": {
        "lines": [
          1,
          1,
          1,
          null,
          1,
          null,
          1,
          null,
          1,
          null,
          1,
          4,
          null,
          null,
          null,
          null,
          4,
          null,
          null,
          null,
          null,
          null,
          4,
          null,
          null,
          null,
          null,
          null,
          null,
          null
        ],
        "branches": {}
      },
      "/home/aliraytekin/code/alkif45/sportsmate/app/models/notification.rb": {
        "lines": [
          1,
          1,
          1,
          1,
          null,
          null,
          1,
          null,
          1,
          null,
          1,
          1,
          null,
          null,
          null,
          null,
          null,
          null,
          null
        ],
        "branches": {}
      },
      "/home/aliraytekin/code/alkif45/sportsmate/app/models/participation.rb": {
        "lines": [
          1,
          1,
          1,
          null,
          1,
          1,
          null,
          1,
          null,
          1,
          16,
          2,
          null,
          null,
          null,
          null,
          null,
          null,
          null,
          null
        ],
        "branches": {}
      },
      "/home/aliraytekin/code/alkif45/sportsmate/app/models/sport.rb": {
        "lines": [
          1,
          1,
          null,
          1,
          1,
          null,
          1,
          null
        ],
        "branches": {}
      },
      "/home/aliraytekin/code/alkif45/sportsmate/app/models/user_sport_interest.rb": {
        "lines": [
          1,
          1,
          null,
          1,
          1,
          null,
          1,
          null
        ],
        "branches": {}
      },
      "/home/aliraytekin/code/alkif45/sportsmate/app/policies/comment_policy.rb": {
        "lines": [
          1,
          1,
          null,
          null,
          null,
          null,
          null,
          1,
          2,
          null,
          null
        ],
        "branches": {}
      },
      "/home/aliraytekin/code/alkif45/sportsmate/app/policies/application_policy.rb": {
        "lines": [
          null,
          null,
          1,
          1,
          null,
          1,
          43,
          43,
          null,
          null,
          1,
          0,
          null,
          null,
          1,
          0,
          null,
          null,
          1,
          0,
          null,
          null,
          1,
          0,
          null,
          null,
          1,
          0,
          null,
          null,
          1,
          0,
          null,
          null,
          1,
          0,
          null,
          null,
          1,
          1,
          5,
          5,
          null,
          null,
          1,
          0,
          null,
          null,
          1,
          null,
          1,
          null,
          null
        ],
        "branches": {}
      },
      "/home/aliraytekin/code/alkif45/sportsmate/app/policies/event_policy.rb": {
        "lines": [
          1,
          1,
          1,
          3,
          null,
          null,
          null,
          1,
          9,
          null,
          null,
          1,
          3,
          null,
          null,
          1,
          7,
          null,
          null,
          1,
          3,
          null,
          null,
          1,
          7,
          null,
          null,
          1,
          3,
          null,
          null,
          1,
          5,
          null,
          null,
          1,
          4,
          null,
          null,
          1,
          4,
          null,
          null
        ],
        "branches": {}
      },
      "/home/aliraytekin/code/alkif45/sportsmate/app/policies/participation_policy.rb": {
        "lines": [
          1,
          1,
          1,
          2,
          null,
          null,
          null,
          1,
          1,
          null,
          null,
          1,
          4,
          null,
          null,
          1,
          0,
          null,
          null,
          1,
          2,
          null,
          null,
          1,
          3,
          null,
          null,
          null
        ],
        "branches": {}
      },
      "/home/aliraytekin/code/alkif45/sportsmate/app/controllers/application_controller.rb": {
        "lines": [
          1,
          1,
          1,
          1,
          null,
          1,
          null,
          1,
          0,
          null,
          0,
          null,
          null,
          1,
          null,
          1,
          3,
          null,
          null
        ],
        "branches": {}
      },
      "/home/aliraytekin/code/alkif45/sportsmate/app/controllers/comments_controller.rb": {
        "lines": [
          1,
          1,
          1,
          1,
          1,
          1,
          null,
          1,
          null,
          1,
          1,
          null,
          0,
          null,
          null,
          null,
          1,
          null,
          1,
          1,
          null,
          null
        ],
        "branches": {
          "[:if, 0, 10, 4, 14, 7]": {
            "[:then, 1, 11, 6, 11, 24]": 1,
            "[:else, 2, 13, 6, 13, 57]": 0
          }
        }
      },
      "/home/aliraytekin/code/alkif45/sportsmate/app/controllers/users_controller.rb": {
        "lines": [
          1,
          1,
          2,
          2,
          null,
          null,
          1,
          1,
          null,
          1,
          null,
          null,
          null,
          null,
          null,
          1,
          null,
          null
        ],
        "branches": {}
      },
      "/home/aliraytekin/code/alkif45/sportsmate/app/controllers/events_controller.rb": {
        "lines": [
          1,
          1,
          1,
          null,
          1,
          1,
          null,
          1,
          2,
          null,
          2,
          1,
          null,
          null,
          2,
          1,
          null,
          null,
          null,
          null,
          null,
          2,
          1,
          null,
          null,
          2,
          1,
          null,
          1,
          1,
          null,
          1,
          null,
          null,
          2,
          0,
          null,
          0,
          null,
          0,
          null,
          null,
          2,
          0,
          null,
          null,
          null,
          null,
          2,
          null,
          2,
          null,
          4,
          null,
          null,
          null,
          null,
          null,
          null,
          null,
          1,
          2,
          null,
          2,
          null,
          2,
          2,
          null,
          2,
          1,
          null,
          null,
          1,
          1,
          1,
          1,
          null,
          null,
          1,
          2,
          2,
          2,
          null,
          2,
          1,
          null,
          null,
          null,
          1,
          null,
          null,
          1,
          null,
          1,
          null,
          null,
          null,
          1,
          1,
          1,
          1,
          2,
          null,
          null,
          null,
          1,
          2,
          1,
          null,
          1,
          null,
          null,
          null,
          1,
          1,
          1,
          null,
          1,
          1,
          1,
          1,
          2,
          null,
          null,
          null,
          1,
          1,
          0,
          null,
          null,
          null,
          null,
          null,
          null,
          null,
          null,
          1,
          1,
          1,
          null,
          0,
          0,
          null,
          null,
          null,
          null,
          null,
          1,
          1,
          1,
          null,
          0,
          null,
          0,
          0,
          null,
          null,
          null,
          null,
          0,
          null,
          null,
          null,
          null,
          null,
          null,
          null,
          0,
          0,
          0,
          null,
          0,
          null,
          null,
          1,
          1,
          1,
          null,
          null,
          1,
          1,
          1,
          null,
          0,
          0,
          0,
          0,
          0,
          0,
          0,
          null,
          0,
          null,
          0,
          null,
          null,
          null,
          null,
          null,
          1,
          null,
          1,
          5,
          5,
          null,
          null,
          1,
          4,
          null,
          null,
          null
        ],
        "branches": {
          "[:if, 0, 11, 4, 13, 7]": {
            "[:then, 1, 12, 6, 12, 71]": 1,
            "[:else, 2, 11, 4, 13, 7]": 1
          },
          "[:if, 3, 15, 4, 20, 7]": {
            "[:then, 4, 16, 6, 19, 7]": 1,
            "[:else, 5, 15, 4, 20, 7]": 1
          },
          "[:if, 6, 22, 4, 24, 7]": {
            "[:then, 7, 23, 6, 23, 62]": 1,
            "[:else, 8, 22, 4, 24, 7]": 1
          },
          "[:if, 9, 26, 4, 33, 7]": {
            "[:then, 10, 27, 6, 32, 63]": 1,
            "[:else, 11, 26, 4, 33, 7]": 1
          },
          "[:if, 12, 35, 4, 41, 7]": {
            "[:then, 13, 36, 6, 40, 50]": 0,
            "[:else, 14, 35, 4, 41, 7]": 2
          },
          "[:unless, 15, 36, 6, 36, 61]": {
            "[:else, 16, 36, 6, 36, 61]": 0,
            "[:then, 17, 36, 6, 36, 12]": 0
          },
          "[:if, 18, 43, 4, 47, 7]": {
            "[:then, 19, 44, 6, 46, 7]": 0,
            "[:else, 20, 43, 4, 47, 7]": 2
          },
          "[:if, 21, 64, 4, 64, 105]": {
            "[:then, 22, 64, 4, 64, 10]": 0,
            "[:else, 23, 64, 4, 64, 105]": 2
          },
          "[:\"&.\", 24, 69, 24, 69, 42]": {
            "[:then, 25, 69, 24, 69, 42]": 1,
            "[:else, 26, 69, 24, 69, 42]": 1
          },
          "[:\"&.\", 27, 69, 24, 69, 49]": {
            "[:then, 28, 69, 24, 69, 49]": 0,
            "[:else, 29, 69, 24, 69, 49]": 1
          },
          "[:if, 30, 84, 4, 95, 7]": {
            "[:then, 31, 85, 6, 92, 71]": 1,
            "[:else, 32, 94, 6, 94, 48]": 1
          },
          "[:if, 33, 89, 24, 89, 55]": {
            "[:then, 34, 89, 39, 89, 44]": 1,
            "[:else, 35, 89, 47, 89, 55]": 0
          },
          "[:if, 36, 107, 4, 111, 7]": {
            "[:then, 37, 108, 6, 108, 67]": 1,
            "[:else, 38, 110, 6, 110, 49]": 1
          },
          "[:if, 39, 154, 4, 166, 7]": {
            "[:then, 40, 155, 6, 158, 7]": 0,
            "[:else, 41, 160, 6, 165, 7]": 0
          }
        }
      },
      "/home/aliraytekin/code/alkif45/sportsmate/app/controllers/follows_controller.rb": {
        "lines": [
          1,
          1,
          4,
          4,
          1,
          1,
          null,
          null,
          3,
          3,
          null,
          null,
          1,
          2,
          2,
          2,
          null,
          null
        ],
        "branches": {
          "[:if, 0, 4, 4, 7, 7]": {
            "[:then, 1, 5, 6, 6, 12]": 1,
            "[:else, 2, 4, 4, 7, 7]": 3
          },
          "[:unless, 3, 9, 4, 9, 97]": {
            "[:else, 4, 9, 4, 9, 97]": 1,
            "[:then, 5, 9, 4, 9, 43]": 2
          },
          "[:if, 6, 15, 4, 15, 53]": {
            "[:then, 7, 15, 4, 15, 18]": 1,
            "[:else, 8, 15, 4, 15, 53]": 1
          }
        }
      },
      "/home/aliraytekin/code/alkif45/sportsmate/app/controllers/pages_controller.rb": {
        "lines": [
          1,
          1,
          null,
          1,
          null,
          null
        ],
        "branches": {}
      },
      "/home/aliraytekin/code/alkif45/sportsmate/app/controllers/participations_controller.rb": {
        "lines": [
          1,
          1,
          1,
          null,
          1,
          1,
          1,
          1,
          0,
          null,
          null,
          1,
          0,
          null,
          1,
          null,
          null,
          1,
          0,
          0,
          0,
          null,
          null,
          1,
          5,
          5,
          null,
          5,
          1,
          null,
          null,
          4,
          1,
          null,
          null,
          3,
          1,
          null,
          null,
          2,
          2,
          null,
          2,
          1,
          null,
          1,
          null,
          null,
          2,
          2,
          1,
          1,
          1,
          1,
          null,
          1,
          null,
          null,
          0,
          null,
          null,
          null,
          1,
          0,
          0,
          null,
          null,
          1,
          0,
          null,
          0,
          null,
          0,
          0,
          null,
          0,
          null,
          null,
          null,
          1,
          1,
          1,
          1,
          1,
          null,
          null,
          1,
          null,
          1,
          0,
          null,
          null
        ],
        "branches": {
          "[:if, 0, 28, 4, 30, 7]": {
            "[:then, 1, 29, 6, 29, 75]": 1,
            "[:else, 2, 28, 4, 30, 7]": 4
          },
          "[:if, 3, 32, 4, 34, 7]": {
            "[:then, 4, 33, 6, 33, 65]": 1,
            "[:else, 5, 32, 4, 34, 7]": 3
          },
          "[:if, 6, 36, 4, 38, 7]": {
            "[:then, 7, 37, 6, 37, 77]": 1,
            "[:else, 8, 36, 4, 38, 7]": 2
          },
          "[:if, 9, 43, 4, 47, 7]": {
            "[:then, 10, 44, 6, 44, 40]": 1,
            "[:else, 11, 46, 6, 46, 46]": 1
          },
          "[:if, 12, 49, 4, 60, 7]": {
            "[:then, 13, 50, 6, 57, 9]": 2,
            "[:else, 14, 59, 6, 59, 60]": 0
          },
          "[:if, 15, 50, 6, 57, 9]": {
            "[:then, 16, 51, 8, 54, 77]": 1,
            "[:else, 17, 56, 8, 56, 46]": 1
          },
          "[:if, 18, 73, 4, 77, 7]": {
            "[:then, 19, 74, 6, 74, 91]": 0,
            "[:else, 20, 76, 6, 76, 84]": 0
          }
        }
      },
      "/home/aliraytekin/code/alkif45/sportsmate/app/mailers/event_mailer.rb": {
        "lines": [
          1,
          1,
          null,
          1,
          1,
          1,
          1,
          null,
          null,
          1,
          1,
          1,
          1,
          1,
          1,
          1,
          null,
          1,
          null,
          1,
          null,
          null,
          null,
          null,
          1,
          null,
          null,
          1,
          0,
          0,
          0,
          null,
          0,
          null,
          null
        ],
        "branches": {}
      },
      "/home/aliraytekin/code/alkif45/sportsmate/app/mailers/application_mailer.rb": {
        "lines": [
          1,
          1,
          1,
          null
        ],
        "branches": {}
      },
      "/home/aliraytekin/code/alkif45/sportsmate/app/controllers/user_sport_interests_controller.rb": {
        "lines": [
          1,
          1,
          1,
          null,
          1,
          0,
          null,
          null,
          1,
          1,
          1,
          null,
          1,
          1,
          null,
          0,
          null,
          null,
          null,
          1,
          0,
          null,
          null,
          1,
          2,
          2,
          1,
          null,
          1,
          null,
          null,
          null,
          1,
          1,
          1,
          null,
          null,
          1,
          null,
          1,
          3,
          null,
          null,
          1,
          0,
          null,
          null,
          1,
          3,
          null,
          null
        ],
        "branches": {
          "[:if, 0, 13, 4, 17, 7]": {
            "[:then, 1, 14, 6, 14, 88]": 1,
            "[:else, 2, 16, 6, 16, 56]": 0
          },
          "[:if, 3, 26, 4, 30, 7]": {
            "[:then, 4, 27, 6, 27, 86]": 1,
            "[:else, 5, 29, 6, 29, 68]": 1
          }
        }
      },
      "/home/aliraytekin/code/alkif45/sportsmate/app/channels/application_cable/channel.rb": {
        "lines": [
          0,
          0,
          0,
          0
        ],
        "branches": {}
      },
      "/home/aliraytekin/code/alkif45/sportsmate/app/channels/application_cable/connection.rb": {
        "lines": [
          0,
          0,
          0,
          0
        ],
        "branches": {}
      },
      "/home/aliraytekin/code/alkif45/sportsmate/app/controllers/messages_controller.rb": {
        "lines": [
          0,
          0,
          0,
          0,
          null,
          0,
          0,
          0,
          0,
          0,
          0,
          0,
          0,
          0,
          null,
          0,
          null,
          0,
          0,
          0,
          0
        ],
        "branches": {}
      },
      "/home/aliraytekin/code/alkif45/sportsmate/app/controllers/notifications_controller.rb": {
        "lines": [
          0,
          0,
          0,
          0,
          0,
          null,
          0,
          null,
          0,
          0,
          0,
          0,
          0,
          0,
          0,
          0,
          0,
          0,
          0,
          0
        ],
        "branches": {}
      },
      "/home/aliraytekin/code/alkif45/sportsmate/app/controllers/users/omniauth_callbacks_controller.rb": {
        "lines": [
          0,
          0,
          null,
          0,
          0,
          0,
          0,
          0,
          0,
          0,
          0,
          0,
          0,
          0,
          0,
          0,
          null,
          0,
          null,
          0,
          0,
          0,
          null,
          0,
          0,
          0,
          null,
          0,
          null,
          0,
          0,
          0,
          0
        ],
        "branches": {}
      },
      "/home/aliraytekin/code/alkif45/sportsmate/app/jobs/application_job.rb": {
        "lines": [
          0,
          null,
          null,
          null,
          null,
          null,
          0
        ],
        "branches": {}
      },
      "/home/aliraytekin/code/alkif45/sportsmate/app/policies/payment_policy.rb": {
        "lines": [
          0,
          0,
          null,
          null,
          null,
          0,
          null,
          0,
          0,
          0,
          null,
          0,
          0,
          0,
          null,
          0,
          0,
          0,
          0
        ],
        "branches": {}
      }
    },
    "timestamp": 1755170832
  }
}
